[10:10:32] [Client thread/INFO]: Setting user: Player370
[10:10:35] [Client thread/INFO]: LWJGL Version: 2.9.4
[10:10:40] [Client thread/INFO]: Reloading ResourceManager: Default, FMLFileResourcePack:Forge Mod Loader, FMLFileResourcePack:Minecraft Forge, FMLFileResourcePack:ObsidiCode
[10:10:40] [Sound Library Loader/INFO]: Starting up SoundSystem...
[10:10:40] [Thread-9/INFO]: Initializing LWJGL OpenAL
[10:10:40] [Thread-9/INFO]: (The LWJGL binding of OpenAL.  For more information, see http://www.lwjgl.org)
[10:10:41] [Thread-9/INFO]: OpenAL initialized.
[10:10:41] [Sound Library Loader/INFO]: Sound engine started
[10:10:45] [Client thread/INFO]: Created: 16x16 textures-atlas
[10:10:46] [Client thread/INFO]: Reloading ResourceManager: Default, FMLFileResourcePack:Forge Mod Loader, FMLFileResourcePack:Minecraft Forge, FMLFileResourcePack:ObsidiCode
[10:10:46] [Client thread/INFO]: SoundSystem shutting down...
[10:10:46] [Client thread/WARN]: Author: Paul Lamb, www.paulscode.com
[10:10:46] [Sound Library Loader/INFO]: Starting up SoundSystem...
[10:10:46] [Thread-11/INFO]: Initializing LWJGL OpenAL
[10:10:46] [Thread-11/INFO]: (The LWJGL binding of OpenAL.  For more information, see http://www.lwjgl.org)
[10:10:46] [Thread-11/INFO]: OpenAL initialized.
[10:10:47] [Sound Library Loader/INFO]: Sound engine started
[10:10:49] [Client thread/INFO]: Created: 512x512 textures-atlas
[10:10:51] [Realms Notification Availability checker #1/INFO]: Could not authorize you against Realms server: Invalid session id
[10:11:50] [Client thread/INFO]: Stopping!
[10:11:50] [Client thread/INFO]: SoundSystem shutting down...
[10:11:50] [Client thread/WARN]: Author: Paul Lamb, www.paulscode.com
